[2019-04-12 18:30:32] INFO [load_data: get_solution_2_A.py, 134] node name to (node id,route id) set is: {'育知路': {('167', '8')}, '蒲黄榆': {('114', '5')}, '石榴庄': {('233', '10')}, '朝阳公园': {('298', '14')}, '清源路': {('88', '4')}, '角门西': {('81', '4'), ('230', '10')}, '东湖渠': {('290', '14')}, '新宫': {('83', '4')}, '枣营': {('297', '14')}, '天坛东门': {('113', '5')}, '花园桥': {('133', '6')}, '鼓楼大街': {('54', '2'), ('153', '8')}, '知春路': {('211', '10'), ('240', '13')}, '玉泉路': {('5', '1')}, '临河里': {('35', '3')}, '关庄': {('281', '15')}, '物资学院路': {('300', '6')}, '知春里': {('212', '10')}, '北运河西': {('303', '6')}, '俸伯': {('280', '15')}, '成寿寺': {('235', '10')}, '圆明园': {('62', '4')}, '雍和宫': {('105', '5'), ('52', '2')}, '莲花桥': {('222', '10')}, '四惠东': {('25', '3'), ('23', '1')}, '珠市口': {('314', '7')}, '科怡路': {('179', '9')}, '金台路': {('299', '14'), ('144', '6')}, '角门东': {('231', '10')}, '沙河': {('258', '18')}, '黄村西大街': {('89', '4')}, '北京大学东门': {('63', '4')}, '菜市口': {('77', '4'), ('312', '7')}, '梨园': {('34', '3')}, '长椿街': {('42', '2')}, '万寿路': {('7', '1')}, '常营': {('149', '6')}, '焦化厂': {('328', '7')}, '马家堡': {('80', '4')}, '复兴门': {('12', '1'), ('41', '2')}, '惠新西街南口': {('205', '10'), ('102', '5')}, '草房': {('150', '6')}, '苹果园': {('1', '1')}, '东四': {('140', '6'), ('108', '5')}, '中关村': {('64', '4')}, '永泰庄': {('161', '8')}, '南楼梓庄': {('324', '7')}, '西局': {('224', '10'), ('261', '14')}, '光熙门': {('251', '13')}, '南法信': {('277', '15')}, '八里桥': {('30', '3')}, '郭公庄': {('182', '19'), ('181', '9')}, '八角游乐园': {('3', '1')}, '新街口': {('71', '4')}, '北京南站': {('79', '4')}, '通州北关': {('301', '6')}, '通州北苑': {('31', '3')}, '望京西': {('249', '13'), ('268', '15')}, '亮马桥': {('201', '10')}, '金台夕照': {('197', '10')}, '安河桥北': {('59', '4')}, '清华东路西口': {('287', '15')}, 'T3航站楼': {('57', '11')}, '和平门': {('44', '2')}, '广渠门外': {('318', '7')}, '肖村': {('118', '12')}, '郭庄子': {('264', '14')}, '望京': {('269', '15'), ('291', '14')}, '天宫院': {('93', '4')}, '望京南': {('293', '14')}, '安德里北街': {('154', '8')}, '火器营': {('216', '10')}, '劲松': {('194', '10')}, '柳芳': {('252', '13')}, '车公庄西': {('135', '6')}, '分钟寺': {('236', '10')}, '良乡南关': {('191', '19')}, '西小口': {('162', '8')}, '灯市口': {('109', '5')}, '良乡大学城西': {('190', '19')}, '百子湾': {('322', '7')}, '奥体中心': {('157', '8')}, '白堆子': {('171', '9')}, '动物园': {('69', '4')}, '丰台南路': {('178', '9')}, '安立路': {('283', '15')}, '太阳宫': {('203', '10')}, '大屯路东': {('282', '15'), ('100', '5')}, '亦庄火车站': {('130', '12')}, '张自忠路': {('107', '5')}, '长春桥': {('217', '10')}, '车公庄': {('136', '6'), ('39', '2')}, '高家园': {('294', '14')}, '荣昌东街': {('125', '12')}, '宋家庄': {('116', '5'), ('117', '12'), ('234', '10')}, '南锣鼓巷': {('139', '6'), ('151', '8')}, '经海路': {('127', '12')}, '张郭庄': {('267', '14')}, '育新': {('163', '8')}, '通运门': {('302', '6')}, '森林公园南门': {('159', '8')}, '前门': {('45', '2')}, '积水潭': {('37', '2')}, '亦庄文化园': {('122', '12')}, '东大桥': {('142', '6')}, '同济南路': {('126', '12')}, '孙河': {('273', '15')}, '团结湖': {('199', '10')}, '天安门东': {('15', '1')}, '和平里北街': {('104', '5')}, '来广营': {('289', '14')}, '回龙观': {('245', '13')}, '篱笆房': {('186', '19')}, '苏庄': {('192', '19')}, '旧宫': {('120', '12')}, '西苑': {('61', '4')}, '义和庄': {('91', '4')}, '国贸': {('20', '1'), ('196', '10')}, '六里桥': {('223', '10'), ('175', '9')}, '灵境胡同': {('74', '4')}, '北京站': {('47', '2')}, '高碑店': {('26', '3')}, '西二旗': {('243', '13'), ('254', '18')}, '北新桥': {('106', '5')}, '大钟寺': {('239', '13')}, '车道沟': {('218', '10')}, '丰台东大街': {('177', '9')}, '黄村火车站': {('90', '4')}, '安贞门': {('206', '10')}, '惠新西街北口': {('101', '5')}, '将台': {('295', '14')}, '枣园': {('87', '4')}, '北京西站': {('308', '7'), ('173', '9')}, '木樨地': {('10', '1')}, '广渠门内': {('317', '7')}, '九龙山': {('320', '7')}, '南邵': {('260', '18')}, '大红门': {('232', '10')}, '青年路': {('146', '6')}, '公益西桥': {('82', '4')}, '马泉营': {('272', '15')}, 'T2航站楼': {('58', '11')}, '黄渠': {('148', '6')}, '大郊亭': {('321', '7')}, '和平西桥': {('103', '5')}, '果园': {('32', '3')}, '四惠': {('24', '3'), ('22', '1')}, '高米店南': {('86', '4')}, '八宝山': {('4', '1')}, '什刹海': {('152', '8')}, '宣武门': {('43', '2'), ('76', '4')}, '十里河': {('237', '10')}, '北沙滩': {('285', '15')}, '东直门': {('51', '2'), ('253', '13'), ('55', '11')}, '双桥': {('28', '3')}, '芍药居': {('250', '13'), ('204', '10')}, '国家图书馆': {('68', '4'), ('169', '9')}, '天通苑南': {('96', '5')}, '化工': {('323', '7')}, '立水桥': {('97', '5'), ('247', '13')}, '后沙峪': {('276', '15')}, '阜成门': {('40', '2')}, '永安里': {('19', '1')}, '望京东': {('270', '15')}, '上地': {('242', '13')}, '首经贸': {('227', '10')}, '平西府': {('166', '8')}, '大望路': {('21', '1')}, '巩华城': {('257', '18')}, '西单': {('75', '4'), ('13', '1')}, '陶然亭': {('78', '4')}, '西红门': {('84', '4')}, '安定门': {('53', '2')}, '国展': {('274', '15')}, '东夏园': {('306', '6')}, '健德门': {('208', '10')}, '顺义': {('279', '15')}, '小红门': {('119', '12')}, '磁器口': {('112', '5'), ('316', '7')}, '西钓鱼台': {('220', '10')}, '泥洼': {('225', '10')}, '头': {('326', '7')}, '王府井': {('16', '1')}, '天通苑北': {('94', '5')}, '六里桥东': {('174', '9')}, '公主坟': {('221', '10'), ('8', '1')}, '大葆台': {('183', '19')}, '十里堡': {('145', '6')}, '慈寿寺': {('219', '10'), ('132', '6')}, '农业展览馆': {('200', '10')}, '稻田': {('184', '19')}, '刘家窑': {('115', '5')}, '生物医药基地': {('92', '4')}, '管庄': {('29', '3')}, '朱辛庄': {('256', '18'), ('168', '8')}, '生命科学园': {('255', '18')}, '牡丹园': {('209', '10')}, '花梨坎': {('275', '15')}, '白石桥南': {('170', '9'), ('134', '6')}, '广安门内': {('311', '7')}, '崔各庄': {('271', '15')}, '西土城': {('210', '10')}, '达官营': {('310', '7')}, '双合': {('327', '7')}, '高米店北': {('85', '4')}, '双井': {('195', '10'), ('319', '7')}, '九棵树': {('33', '3')}, '朝阳门': {('141', '6'), ('49', '2')}, '丰台科技园': {('180', '9')}, '巴沟': {('215', '10')}, '桥湾': {('315', '7')}, '古城': {('2', '1')}, '欢乐谷景区': {('325', '7')}, '长阳': {('185', '19')}, '东单': {('17', '1'), ('110', '5')}, '传媒大学': {('27', '3')}, '人民大学': {('66', '4')}, '丰台站': {('226', '10')}, '万源街': {('123', '12')}, '次渠南': {('128', '12')}, '北宫门': {('60', '4')}, '虎坊桥': {('313', '7')}, '石门': {('278', '15')}, '潞城': {('307', '6')}, '善各庄': {('288', '14')}, '湾子': {('309', '7')}, '大瓦窑': {('265', '14')}, '北苑路北': {('99', '5')}, '西直门': {('70', '4'), ('38', '2'), ('238', '13')}, '安华桥': {('155', '8')}, '平安里': {('137', '6'), ('72', '4')}, '东风北桥': {('296', '14')}, '五道口': {('241', '13')}, '北海北': {('138', '6')}, '五棵松': {('6', '1')}, '次渠': {('129', '12')}, '东四十条': {('50', '2')}, '回龙观东大街': {('165', '8')}, '三元桥': {('202', '10'), ('56', '11')}, '南礼士路': {('11', '1')}, '潘家园': {('193', '10')}, '北运河东': {('304', '6')}, '建国门': {('48', '2'), ('18', '1')}, '北土城': {('207', '10'), ('156', '8')}, '西四': {('73', '4')}, '草桥': {('229', '10')}, '海淀黄庄': {('213', '10'), ('65', '4')}, '魏公村': {('67', '4')}, '天通苑': {('95', '5')}, '北苑': {('248', '13')}, '呼家楼': {('198', '10'), ('143', '6')}, '六道口': {('286', '15')}, '亦庄桥': {('121', '12')}, '郝家府': {('305', '6')}, '苏州街': {('214', '10')}, '崇文门': {('46', '2'), ('111', '5')}, '园博园': {('266', '14')}, '纪家庙': {('228', '10')}, '沙河高教园': {('259', '18')}, '海淀五路居': {('131', '6')}, '大井': {('263', '14')}, '荣京东街': {('124', '12')}, '龙泽': {('244', '13')}, '奥林匹克公园': {('158', '8'), ('284', '15')}, '林萃桥': {('160', '8')}, '霍营': {('164', '8'), ('246', '13')}, '天安门西': {('14', '1')}, '阜通': {('292', '14')}, '广阳城': {('187', '19')}, '土桥': {('36', '3')}, '良乡大学城北': {('188', '19')}, '七里庄': {('176', '9'), ('262', '14')}, '褡裢坡': {('147', '6')}, '军事博物馆': {('9', '1'), ('172', '9')}, '良乡大学城': {('189', '19')}, '立水桥南': {('98', '5')}}
[2019-04-12 18:30:32] INFO [load_data: get_solution_2_A.py, 136] transfer node: {'282': {'100'}, '284': {'158'}, '268': {'249'}, '269': {'291'}}
[2019-04-12 18:30:32] INFO [load_data: get_solution_2_A.py, 137] train count is: 145
[2019-04-12 18:30:32] INFO [load_data: get_solution_2_A.py, 136] transfer node: {'134': {'170'}, '139': {'151'}, '136': {'39'}, '144': {'299'}, '137': {'72'}, '141': {'49'}, '143': {'198'}, '132': {'219'}, '140': {'108'}}
[2019-04-12 18:30:32] INFO [load_data: get_solution_2_A.py, 137] train count is: 194
[2019-04-12 18:30:32] INFO [load_data: get_solution_2_A.py, 136] transfer node: {'77': {'312'}, '75': {'13'}, '65': {'213'}, '68': {'169'}, '70': {'238', '38'}, '76': {'43'}, '81': {'230'}, '72': {'137'}}
[2019-04-12 18:30:32] INFO [load_data: get_solution_2_A.py, 137] train count is: 266
[2019-04-12 18:30:32] INFO [load_data: get_solution_2_A.py, 136] transfer node: {'38': {'70', '238'}, '41': {'12'}, '46': {'111'}, '51': {'253', '55'}, '49': {'141'}, '54': {'153'}, '48': {'18'}, '52': {'105'}, '39': {'136'}, '43': {'76'}}
[2019-04-12 18:30:32] INFO [load_data: get_solution_2_A.py, 137] train count is: 262
[2019-04-12 18:30:32] INFO [load_data: get_solution_2_A.py, 136] transfer node: {'238': {'70', '38'}, '243': {'254'}, '249': {'268'}, '247': {'97'}, '253': {'51', '55'}, '240': {'211'}, '246': {'164'}, '250': {'204'}}
[2019-04-12 18:30:32] INFO [load_data: get_solution_2_A.py, 137] train count is: 231
[2019-04-12 18:30:32] INFO [load_data: get_solution_2_A.py, 136] transfer node: {'56': {'202'}, '55': {'51', '253'}}
[2019-04-12 18:30:32] INFO [load_data: get_solution_2_A.py, 137] train count is: 67
[2019-04-12 18:30:32] INFO [load_data: get_solution_2_A.py, 136] transfer node: {'170': {'134'}, '181': {'182'}, '173': {'308'}, '176': {'262'}, '172': {'9'}, '169': {'68'}, '175': {'223'}}
[2019-04-12 18:30:32] INFO [load_data: get_solution_2_A.py, 137] train count is: 167
[2019-04-12 18:30:32] INFO [load_data: get_solution_2_A.py, 136] transfer node: {'182': {'181'}}
[2019-04-12 18:30:32] INFO [load_data: get_solution_2_A.py, 137] train count is: 107
[2019-04-12 18:30:32] INFO [load_data: get_solution_2_A.py, 136] transfer node: {'102': {'205'}, '108': {'140'}, '100': {'282'}, '110': {'17'}, '116': {'234', '117'}, '111': {'46'}, '105': {'52'}, '97': {'247'}, '112': {'316'}}
[2019-04-12 18:30:32] INFO [load_data: get_solution_2_A.py, 137] train count is: 252
[2019-04-12 18:30:32] INFO [load_data: get_solution_2_A.py, 136] transfer node: {'20': {'196'}, '17': {'110'}, '23': {'25'}, '12': {'41'}, '22': {'24'}, '8': {'221'}, '18': {'48'}, '9': {'172'}, '13': {'75'}}
[2019-04-12 18:30:32] INFO [load_data: get_solution_2_A.py, 137] train count is: 320
[2019-04-12 18:30:32] INFO [load_data: get_solution_2_A.py, 136] transfer node: {'207': {'156'}, '219': {'132'}, '196': {'20'}, '198': {'143'}, '211': {'240'}, '230': {'81'}, '234': {'116', '117'}, '205': {'102'}, '224': {'261'}, '195': {'319'}, '202': {'56'}, '221': {'8'}, '223': {'175'}, '213': {'65'}, '204': {'250'}}
[2019-04-12 18:30:32] INFO [load_data: get_solution_2_A.py, 137] train count is: 297
[2019-04-12 18:30:32] INFO [load_data: get_solution_2_A.py, 136] transfer node: {'25': {'23'}, '24': {'22'}}
[2019-04-12 18:30:32] INFO [load_data: get_solution_2_A.py, 137] train count is: 173
[2019-04-12 18:30:32] INFO [load_data: get_solution_2_A.py, 136] transfer node: {'316': {'112'}, '308': {'173'}, '319': {'195'}, '312': {'77'}}
[2019-04-12 18:30:32] INFO [load_data: get_solution_2_A.py, 137] train count is: 163
[2019-04-12 18:30:32] INFO [load_data: get_solution_2_A.py, 136] transfer node: {'151': {'139'}, '168': {'256'}, '164': {'246'}, '153': {'54'}, '156': {'207'}, '158': {'284'}}
[2019-04-12 18:30:32] INFO [load_data: get_solution_2_A.py, 137] train count is: 191
[2019-04-12 18:30:32] INFO [load_data: get_solution_2_A.py, 136] transfer node: {'254': {'243'}, '256': {'168'}}
[2019-04-12 18:30:32] INFO [load_data: get_solution_2_A.py, 137] train count is: 98
[2019-04-12 18:30:32] INFO [load_data: get_solution_2_A.py, 136] transfer node: {'261': {'224'}, '291': {'269'}, '299': {'144'}, '262': {'176'}}
[2019-04-12 18:30:32] INFO [load_data: get_solution_2_A.py, 137] train count is: 233
[2019-04-12 18:30:32] INFO [load_data: get_solution_2_A.py, 136] transfer node: {'117': {'116', '234'}}
[2019-04-12 18:30:32] INFO [load_data: get_solution_2_A.py, 137] train count is: 98
[2019-04-12 18:30:32] INFO [load_data: get_solution_2_A.py, 138] user count is: 1048575
[2019-04-12 18:30:32] INFO [<module>: get_solution_2_A.py, 286] load data done
[2019-04-12 18:30:32] INFO [<module>: get_solution_2_A.py, 293] user id list is: ['2', '7', '19', '31', '41', '71', '83', '89', '101', '113', '2845', '124801', '140610', '164834', '193196', '223919', '275403', '286898', '314976', '315621']
[2019-04-12 18:30:32] INFO [get_user_path: get_solution_2_A.py, 147] start find user: 2 path
[2019-04-12 18:30:32] INFO [get_path_info: get_solution_2_A.py, 174] start search route: 2
[2019-04-12 18:30:32] INFO [get_path_info: get_solution_2_A.py, 195] start search transfer node: 38
[2019-04-12 18:30:32] INFO [get_path_info: get_solution_2_A.py, 174] start search route: 4
[2019-04-12 18:30:32] INFO [get_path_info: get_solution_2_A.py, 180] start node and end node in same train: 419065
[2019-04-12 18:30:32] INFO [get_user_path: get_solution_2_A.py, 159] user 2 hasn't path info: None
